Build started 2015/6/5 14:57:20.
     1>Project "E:\代码\Qcloud\Qcloud\Qcloud.vcxproj" on node 2 (Build target(s)).
     1>InitializeBuildStatus:
         Creating "Debug\Qcloud.unsuccessfulbuild" because "AlwaysCreate" was specified.
       ClCompile:
         D:\Program Files (x86)\Microsoft Visual Studio 11.0\VC\bin\CL.exe /c /ZI /nologo /W3 /WX- /Od /Oy- /D WIN32 /D _DEBUG /D _CONSOLE /D _UNICODE /D UNICODE /Gm /EHsc /RTC1 /MDd /GS /fp:precise /Zc:wchar_t /Zc:forScope /Fo"Debug\\" /Fd"Debug\vc110.pdb" /Gd /TP /analyze- /errorReport:prompt main.cpp
         main.cpp
     1>e:\代码\qcloud\qcloud\main.cpp(15): warning C4244: 'initializing' : conversion from 'time_t' to 'unsigned int', possible loss of data
     1>e:\代码\qcloud\qcloud\main.cpp(53): warning C4244: 'initializing' : conversion from 'time_t' to 'int', possible loss of data
       Link:
         D:\Program Files (x86)\Microsoft Visual Studio 11.0\VC\bin\link.exe /ERRORREPORT:PROMPT /OUT:"E:\代码\Qcloud\Debug\Qcloud.exe" /INCREMENTAL /NOLOGO kernel32.lib user32.lib gdi32.lib winspool.lib comdlg32.lib advapi32.lib shell32.lib ole32.lib oleaut32.lib uuid.lib odbc32.lib odbccp32.lib /MANIFEST /MANIFESTUAC:"level='asInvoker' uiAccess='false'" /manifest:embed /DEBUG /PDB:"E:\代码\Qcloud\Debug\Qcloud.pdb" /SUBSYSTEM:CONSOLE /TLBID:1 /DYNAMICBASE /NXCOMPAT /IMPLIB:"E:\代码\Qcloud\Debug\Qcloud.lib" /MACHINE:X86 Debug\HMAC_SHA1.obj
         Debug\main.obj
         Debug\SHA1.obj
         Qcloud.vcxproj -> E:\代码\Qcloud\Debug\Qcloud.exe
       FinalizeBuildStatus:
         Deleting file "Debug\Qcloud.unsuccessfulbuild".
         Touching "Debug\Qcloud.lastbuildstate".
     1>Done Building Project "E:\代码\Qcloud\Qcloud\Qcloud.vcxproj" (Build target(s)).

Build succeeded.

Time Elapsed 00:00:01.10
